<?xml version="1.0" encoding="UTF-8"?>
<Site BuildName="Linux-g++"
	BuildStamp="20240402-1615-Experimental"
	Name="anon"
	Generator="ctest-3.28.3"
	CompilerName="/usr/bin/g++"
	CompilerVersion="13.2.1"
	OSName="Linux"
	Hostname="anon"
	OSRelease="6.7.6-arch1-2"
	OSVersion="#1 SMP PREEMPT_DYNAMIC Thu, 29 Feb 2024 19:08:51 +0000"
	OSPlatform="x86_64"
	Is64Bits="1"
	VendorString="GenuineIntel"
	VendorID="Intel Corporation"
	FamilyID="6"
	ModelID="140"
	ProcessorCacheSize="8192"
	NumberOfLogicalCPU="8"
	NumberOfPhysicalCPU="4"
	TotalVirtualMemory="3836"
	TotalPhysicalMemory="7673"
	LogicalProcessorsPerPhysical="2"
	ProcessorClockFrequency="3800"
	>
	<Testing>
		<StartDateTime>Apr 02 18:09 IST</StartDateTime>
		<StartTestTime>1712077766</StartTestTime>
		<TestList/>
		<EndDateTime>Apr 02 18:09 IST</EndDateTime>
		<EndTestTime>1712077766</EndTestTime>
		<ElapsedMinutes>0</ElapsedMinutes>
	</Testing>
</Site>
